# JRE version: 7.0_10-b18
# Java VM: Java HotSpot(TM) Client VM (23.6-b04 mixed mode windows-x86 )
Heap
 def new generation   total 7360K, used 6592K [0x04600000, 0x04df0000, 0x09b50000)
  eden space 6592K, 100% used [0x04600000, 0x04c70000, 0x04c70000)
  from space 768K,   0% used [0x04c70000, 0x04c70000, 0x04d30000)
  to   space 768K,   0% used [0x04d30000, 0x04d30000, 0x04df0000)
 tenured generation   total 16236K, used 10913K [0x09b50000, 0x0ab2b000, 0x14600000)
   the space 16236K,  67% used [0x09b50000, 0x0a5f8690, 0x0a5f8800, 0x0ab2b000)
 compacting perm gen  total 16384K, used 16301K [0x14600000, 0x15600000, 0x18600000)
   the space 16384K,  99% used [0x14600000, 0x155eb748, 0x155eb800, 0x15600000)
GC Heap History (10 events):
Event: 3065.976 GC heap before
{Heap before GC invocations=123042 (full 1):
 def new generation   total 7360K, used 6592K [0x04600000, 0x04df0000, 0x09b50000)
  eden space 6592K, 100% used [0x04600000, 0x04c70000, 0x04c70000)
  from space 768K,   0% used [0x04d30000, 0x04d30000, 0x04df0000)
  to   space 768K,   0% used [0x04c70000, 0x04c70000, 0x04d30000)
 tenured generation   total 16236K, used 10913K [0x09b50000, 0x0ab2b000, 0x14600000)
   the space 16236K,  67% used [0x09b50000, 0x0a5f8690, 0x0a5f8800, 0x0ab2b000)
 compacting perm gen  total 16384K, used 16301K [0x14600000, 0x15600000, 0x18600000)
   the space 16384K,  99% used [0x14600000, 0x155eb748, 0x155eb800, 0x15600000)
No shared spaces configured.
Event: 3065.976 GC heap after
Heap after GC invocations=123043 (full 1):
 def new generation   total 7360K, used 0K [0x04600000, 0x04df0000, 0x09b50000)
  eden space 6592K,   0% used [0x04600000, 0x04600000, 0x04c70000)
  from space 768K,   0% used [0x04c70000, 0x04c70000, 0x04d30000)
  to   space 768K,   0% used [0x04d30000, 0x04d30000, 0x04df0000)
 tenured generation   total 16236K, used 10913K [0x09b50000, 0x0ab2b000, 0x14600000)
   the space 16236K,  67% used [0x09b50000, 0x0a5f8690, 0x0a5f8800, 0x0ab2b000)
 compacting perm gen  total 16384K, used 16301K [0x14600000, 0x15600000, 0x18600000)
   the space 16384K,  99% used [0x14600000, 0x155eb748, 0x155eb800, 0x15600000)
No shared spaces configured.
}
Event: 3066.000 GC heap before
{Heap before GC invocations=123043 (full 1):
 def new generation   total 7360K, used 6592K [0x04600000, 0x04df0000, 0x09b50000)
  eden space 6592K, 100% used [0x04600000, 0x04c70000, 0x04c70000)
  from space 768K,   0% used [0x04c70000, 0x04c70000, 0x04d30000)
  to   space 768K,   0% used [0x04d30000, 0x04d30000, 0x04df0000)
 tenured generation   total 16236K, used 10913K [0x09b50000, 0x0ab2b000, 0x14600000)
   the space 16236K,  67% used [0x09b50000, 0x0a5f8690, 0x0a5f8800, 0x0ab2b000)
 compacting perm gen  total 16384K, used 16301K [0x14600000, 0x15600000, 0x18600000)
   the space 16384K,  99% used [0x14600000, 0x155eb748, 0x155eb800, 0x15600000)
No shared spaces configured.
Event: 3066.000 GC heap after
Heap after GC invocations=123044 (full 1):
 def new generation   total 7360K, used 0K [0x04600000, 0x04df0000, 0x09b50000)
  eden space 6592K,   0% used [0x04600000, 0x04600000, 0x04c70000)
  from space 768K,   0% used [0x04d30000, 0x04d30000, 0x04df0000)
  to   space 768K,   0% used [0x04c70000, 0x04c70000, 0x04d30000)
 tenured generation   total 16236K, used 10913K [0x09b50000, 0x0ab2b000, 0x14600000)
   the space 16236K,  67% used [0x09b50000, 0x0a5f8690, 0x0a5f8800, 0x0ab2b000)
 compacting perm gen  total 16384K, used 16301K [0x14600000, 0x15600000, 0x18600000)
   the space 16384K,  99% used [0x14600000, 0x155eb748, 0x155eb800, 0x15600000)
No shared spaces configured.
}
Event: 3066.024 GC heap before
{Heap before GC invocations=123044 (full 1):
 def new generation   total 7360K, used 6592K [0x04600000, 0x04df0000, 0x09b50000)
  eden space 6592K, 100% used [0x04600000, 0x04c70000, 0x04c70000)
  from space 768K,   0% used [0x04d30000, 0x04d30000, 0x04df0000)
  to   space 768K,   0% used [0x04c70000, 0x04c70000, 0x04d30000)
 tenured generation   total 16236K, used 10913K [0x09b50000, 0x0ab2b000, 0x14600000)
   the space 16236K,  67% used [0x09b50000, 0x0a5f8690, 0x0a5f8800, 0x0ab2b000)
 compacting perm gen  total 16384K, used 16301K [0x14600000, 0x15600000, 0x18600000)
   the space 16384K,  99% used [0x14600000, 0x155eb748, 0x155eb800, 0x15600000)
No shared spaces configured.
Event: 3066.024 GC heap after
Heap after GC invocations=123045 (full 1):
 def new generation   total 7360K, used 0K [0x04600000, 0x04df0000, 0x09b50000)
  eden space 6592K,   0% used [0x04600000, 0x04600000, 0x04c70000)
  from space 768K,   0% used [0x04c70000, 0x04c70000, 0x04d30000)
  to   space 768K,   0% used [0x04d30000, 0x04d30000, 0x04df0000)
 tenured generation   total 16236K, used 10913K [0x09b50000, 0x0ab2b000, 0x14600000)
   the space 16236K,  67% used [0x09b50000, 0x0a5f8690, 0x0a5f8800, 0x0ab2b000)
 compacting perm gen  total 16384K, used 16301K [0x14600000, 0x15600000, 0x18600000)
   the space 16384K,  99% used [0x14600000, 0x155eb748, 0x155eb800, 0x15600000)
No shared spaces configured.
}
Event: 3066.047 GC heap before
{Heap before GC invocations=123045 (full 1):
 def new generation   total 7360K, used 6592K [0x04600000, 0x04df0000, 0x09b50000)
  eden space 6592K, 100% used [0x04600000, 0x04c70000, 0x04c70000)
  from space 768K,   0% used [0x04c70000, 0x04c70000, 0x04d30000)
  to   space 768K,   0% used [0x04d30000, 0x04d30000, 0x04df0000)
 tenured generation   total 16236K, used 10913K [0x09b50000, 0x0ab2b000, 0x14600000)
   the space 16236K,  67% used [0x09b50000, 0x0a5f8690, 0x0a5f8800, 0x0ab2b000)
 compacting perm gen  total 16384K, used 16301K [0x14600000, 0x15600000, 0x18600000)
   the space 16384K,  99% used [0x14600000, 0x155eb748, 0x155eb800, 0x15600000)
No shared spaces configured.
Event: 3066.048 GC heap after
Heap after GC invocations=123046 (full 1):
 def new generation   total 7360K, used 0K [0x04600000, 0x04df0000, 0x09b50000)
  eden space 6592K,   0% used [0x04600000, 0x04600000, 0x04c70000)
  from space 768K,   0% used [0x04d30000, 0x04d30000, 0x04df0000)
  to   space 768K,   0% used [0x04c70000, 0x04c70000, 0x04d30000)
 tenured generation   total 16236K, used 10913K [0x09b50000, 0x0ab2b000, 0x14600000)
   the space 16236K,  67% used [0x09b50000, 0x0a5f8690, 0x0a5f8800, 0x0ab2b000)
 compacting perm gen  total 16384K, used 16301K [0x14600000, 0x15600000, 0x18600000)
   the space 16384K,  99% used [0x14600000, 0x155eb748, 0x155eb800, 0x15600000)
No shared spaces configured.
}
Event: 3066.072 GC heap before
{Heap before GC invocations=123046 (full 1):
 def new generation   total 7360K, used 6592K [0x04600000, 0x04df0000, 0x09b50000)
  eden space 6592K, 100% used [0x04600000, 0x04c70000, 0x04c70000)
  from space 768K,   0% used [0x04d30000, 0x04d30000, 0x04df0000)
  to   space 768K,   0% used [0x04c70000, 0x04c70000, 0x04d30000)
 tenured generation   total 16236K, used 10913K [0x09b50000, 0x0ab2b000, 0x14600000)
   the space 16236K,  67% used [0x09b50000, 0x0a5f8690, 0x0a5f8800, 0x0ab2b000)
 compacting perm gen  total 16384K, used 16301K [0x14600000, 0x15600000, 0x18600000)
   the space 16384K,  99% used [0x14600000, 0x155eb748, 0x155eb800, 0x15600000)
No shared spaces configured.
Event: 3066.072 GC heap after
Heap after GC invocations=123047 (full 1):
 def new generation   total 7360K, used 0K [0x04600000, 0x04df0000, 0x09b50000)
  eden space 6592K,   0% used [0x04600000, 0x04600000, 0x04c70000)
  from space 768K,   0% used [0x04c70000, 0x04c70000, 0x04d30000)
  to   space 768K,   0% used [0x04d30000, 0x04d30000, 0x04df0000)
 tenured generation   total 16236K, used 10913K [0x09b50000, 0x0ab2b000, 0x14600000)
   the space 16236K,  67% used [0x09b50000, 0x0a5f8690, 0x0a5f8800, 0x0ab2b000)
 compacting perm gen  total 16384K, used 16301K [0x14600000, 0x15600000, 0x18600000)
   the space 16384K,  99% used [0x14600000, 0x155eb748, 0x155eb800, 0x15600000)
No shared spaces configured.
}

